<?xml version="1.0" encoding="UTF-8"?>
<!-- Generated by org.testng.reporters.JUnitReportReporter -->
<testsuite hostname="Maverick" failures="0" tests="1" name="cucumber.Options.TestRunner" time="4.694" errors="0" timestamp="2024-03-20T13:17:04 IST" skipped="0">
  <testcase classname="cucumber.Options.TestRunner" name="runScenario" time="4.694"/>
</testsuite> <!-- cucumber.Options.TestRunner -->
